<?xml version="1.0" encoding="UTF-8"?>
<!-- Generated by org.testng.reporters.JUnitXMLReporter -->
<testsuite ignored="0" hostname="TAUFEEQUE-PC" failures="0" tests="2" name="Linux-firefox-Test" time="360.029" errors="0" timestamp="2024-08-25T02:33:46 IST">
  <testcase classname="TestCase.AccountRegistration_TC001" name="accotRegistration" time="0.0">
    <skipped/>
  </testcase> <!-- accotRegistration -->
  <testcase classname="TestCase.Logintest_TC002" name="loginTest" time="0.0">
    <skipped/>
  </testcase> <!-- loginTest -->
</testsuite> <!-- Linux-firefox-Test -->
