<?xml version="1.0" encoding="UTF-8"?>
<testng-results ignored="0" total="2" passed="2" failed="0" skipped="0">
  <reporter-output>
  </reporter-output>
  <suite started-at="2024-08-25T13:49:42 IST" name="Suite" finished-at="2024-08-25T13:49:55 IST" duration-ms="12721">
    <groups>
      <group name="Master">
        <method signature="AccountRegistration_TC001.accotRegistration()[pri:0, instance:TestCase.AccountRegistration_TC001@77a7cf58]" name="accotRegistration" class="TestCase.AccountRegistration_TC001"/>
        <method signature="Logintest_TC002.loginTest()[pri:0, instance:TestCase.Logintest_TC002@37efd131]" name="loginTest" class="TestCase.Logintest_TC002"/>
      </group> <!-- Master -->
      <group name="Sanity">
        <method signature="Logintest_TC002.loginTest()[pri:0, instance:TestCase.Logintest_TC002@37efd131]" name="loginTest" class="TestCase.Logintest_TC002"/>
      </group> <!-- Sanity -->
      <group name="Regression">
        <method signature="AccountRegistration_TC001.accotRegistration()[pri:0, instance:TestCase.AccountRegistration_TC001@77a7cf58]" name="accotRegistration" class="TestCase.AccountRegistration_TC001"/>
      </group> <!-- Regression -->
    </groups>
    <test started-at="2024-08-25T13:49:42 IST" name="ChromeTest" finished-at="2024-08-25T13:49:55 IST" duration-ms="12721">
      <class name="TestCase.Logintest_TC002">
        <test-method is-config="true" signature="setUp(java.lang.String,java.lang.String)[pri:0, instance:TestCase.Logintest_TC002@37efd131]" started-at="2024-08-25T13:49:49 IST" name="setUp" finished-at="2024-08-25T13:49:53 IST" duration-ms="3405" status="PASS">
          <params>
            <param index="0">
              <value>
                <![CDATA[Windows]]>
              </value>
            </param>
            <param index="1">
              <value>
                <![CDATA[chrome]]>
              </value>
            </param>
          </params>
          <reporter-output>
          </reporter-output>
        </test-method> <!-- setUp -->
        <test-method signature="loginTest()[pri:0, instance:TestCase.Logintest_TC002@37efd131]" started-at="2024-08-25T13:49:53 IST" name="loginTest" finished-at="2024-08-25T13:49:55 IST" duration-ms="1773" status="PASS">
          <reporter-output>
          </reporter-output>
        </test-method> <!-- loginTest -->
        <test-method is-config="true" signature="terDown()[pri:0, instance:TestCase.Logintest_TC002@37efd131]" started-at="2024-08-25T13:49:55 IST" name="terDown" finished-at="2024-08-25T13:49:55 IST" duration-ms="76" status="PASS">
          <reporter-output>
          </reporter-output>
        </test-method> <!-- terDown -->
      </class> <!-- TestCase.Logintest_TC002 -->
      <class name="TestCase.AccountRegistration_TC001">
        <test-method is-config="true" signature="setUp(java.lang.String,java.lang.String)[pri:0, instance:TestCase.AccountRegistration_TC001@77a7cf58]" started-at="2024-08-25T13:49:42 IST" name="setUp" finished-at="2024-08-25T13:49:47 IST" duration-ms="4494" status="PASS">
          <params>
            <param index="0">
              <value>
                <![CDATA[Windows]]>
              </value>
            </param>
            <param index="1">
              <value>
                <![CDATA[chrome]]>
              </value>
            </param>
          </params>
          <reporter-output>
          </reporter-output>
        </test-method> <!-- setUp -->
        <test-method signature="accotRegistration()[pri:0, instance:TestCase.AccountRegistration_TC001@77a7cf58]" started-at="2024-08-25T13:49:47 IST" name="accotRegistration" finished-at="2024-08-25T13:49:49 IST" duration-ms="2510" status="PASS">
          <reporter-output>
          </reporter-output>
        </test-method> <!-- accotRegistration -->
        <test-method is-config="true" signature="terDown()[pri:0, instance:TestCase.AccountRegistration_TC001@77a7cf58]" started-at="2024-08-25T13:49:49 IST" name="terDown" finished-at="2024-08-25T13:49:49 IST" duration-ms="134" status="PASS">
          <reporter-output>
          </reporter-output>
        </test-method> <!-- terDown -->
      </class> <!-- TestCase.AccountRegistration_TC001 -->
    </test> <!-- ChromeTest -->
  </suite> <!-- Suite -->
</testng-results>
